<?xml version="1.0" encoding="UTF-8"?>
<!-- Generated by org.testng.reporters.JUnitXMLReporter -->
<testsuite ignored="0" hostname="Kedar" failures="0" tests="5" name="Default test" time="78.188" errors="0" timestamp="2022-07-05T09:58:41 IST">
  <testcase classname="TestCases.LoginPageTest" name="TC_001_loginTest" time="5.667"/>
  <testcase classname="TestCases.LoginPageTest" name="Tc_002_displaylogo1" time="0.119"/>
  <testcase classname="TestCases.LoginPageTest" name="Tc_003_displaylogo2" time="0.061"/>
  <testcase classname="TestCases.LoginPageTest" name="Tc_004_UserText" time="0.06"/>
  <testcase classname="TestCases.LoginPageTest" name="Tc_006_TitleVerify" time="0.01"/>
</testsuite> <!-- Default test -->
