<?xml version="1.0" encoding="UTF-8"?>
<!-- Generated by org.testng.reporters.JUnitXMLReporter -->
<testsuite ignored="4" hostname="Kedar" failures="0" tests="1" name="Test" time="12.305" errors="0" timestamp="2022-07-18T16:55:42 IST">
  <testcase classname="TestCases.LoginPageTest" name="Tc_006_TitleVerify" time="0.081"/>
  <testcase classname="TestCases.LoginPageTest" name="Tc_004_UserText" time="0.0">
    <ignored/>
  </testcase> <!-- Tc_004_UserText -->
  <testcase classname="TestCases.LoginPageTest" name="Tc_002_displaylogo1" time="0.0">
    <ignored/>
  </testcase> <!-- Tc_002_displaylogo1 -->
  <testcase classname="TestCases.LoginPageTest" name="Tc_003_displaylogo2" time="0.0">
    <ignored/>
  </testcase> <!-- Tc_003_displaylogo2 -->
  <testcase classname="TestCases.LoginPageTest" name="TC_001_loginTest" time="0.0">
    <ignored/>
  </testcase> <!-- TC_001_loginTest -->
</testsuite> <!-- Test -->
