<?xml version="1.0" encoding="UTF-8"?>
<testng-results ignored="4" total="5" passed="1" failed="0" skipped="0">
  <reporter-output>
  </reporter-output>
  <suite started-at="2022-07-31T11:38:16 IST" name="Suite" finished-at="2022-07-31T11:38:42 IST" duration-ms="26152">
    <groups>
      <group name="sanity">
        <method signature="LoginPageTest.Tc_006_TitleVerify()[pri:0, instance:TestCases.LoginPageTest@543588e6]" name="Tc_006_TitleVerify" class="TestCases.LoginPageTest"/>
      </group> <!-- sanity -->
    </groups>
    <test started-at="2022-07-31T11:38:16 IST" name="Test" finished-at="2022-07-31T11:38:42 IST" duration-ms="26152">
      <class name="TestCases.LoginPageTest">
        <test-method is-config="true" signature="loadConfig()[pri:0, instance:TestCases.LoginPageTest@543588e6]" started-at="2022-07-31T11:38:13 IST" name="loadConfig" finished-at="2022-07-31T11:38:16 IST" duration-ms="2254" status="PASS">
          <reporter-output>
          </reporter-output>
        </test-method> <!-- loadConfig -->
        <test-method is-config="true" signature="setup()[pri:0, instance:TestCases.LoginPageTest@543588e6]" started-at="2022-07-31T11:38:16 IST" name="setup" finished-at="2022-07-31T11:38:41 IST" duration-ms="25198" status="PASS">
          <reporter-output>
          </reporter-output>
        </test-method> <!-- setup -->
        <test-method signature="Tc_006_TitleVerify()[pri:0, instance:TestCases.LoginPageTest@543588e6]" started-at="2022-07-31T11:38:41 IST" name="Tc_006_TitleVerify" finished-at="2022-07-31T11:38:41 IST" duration-ms="124" status="PASS">
          <reporter-output>
          </reporter-output>
        </test-method> <!-- Tc_006_TitleVerify -->
        <test-method is-config="true" signature="exit()[pri:0, instance:TestCases.LoginPageTest@543588e6]" started-at="2022-07-31T11:38:41 IST" name="exit" finished-at="2022-07-31T11:38:42 IST" duration-ms="554" status="PASS">
          <reporter-output>
          </reporter-output>
        </test-method> <!-- exit -->
        <test-method is-config="true" signature="afterSuite()[pri:0, instance:TestCases.LoginPageTest@543588e6]" started-at="2022-07-31T11:38:42 IST" name="afterSuite" finished-at="2022-07-31T11:38:43 IST" duration-ms="1414" status="PASS">
          <reporter-output>
          </reporter-output>
        </test-method> <!-- afterSuite -->
      </class> <!-- TestCases.LoginPageTest -->
    </test> <!-- Test -->
  </suite> <!-- Suite -->
</testng-results>
