<?xml version="1.0" encoding="UTF-8"?>
<testng-results ignored="0" total="1" passed="1" failed="0" skipped="0">
  <reporter-output>
    <line>
      <![CDATA[ipo clickSuccesfull]]>
    </line>
  </reporter-output>
  <suite started-at="2022-05-15T19:02:29 IST" name="Default suite" finished-at="2022-05-15T19:03:06 IST" duration-ms="37346">
    <groups>
    </groups>
    <test started-at="2022-05-15T19:02:29 IST" name="Default test" finished-at="2022-05-15T19:03:06 IST" duration-ms="37346">
      <class name="TestCases.IpoTest">
        <test-method is-config="true" signature="setup()[pri:0, instance:TestCases.IpoTest@22e357dc]" started-at="2022-05-15T19:02:29 IST" name="setup" finished-at="2022-05-15T19:02:57 IST" duration-ms="28655" status="PASS">
          <reporter-output>
          </reporter-output>
        </test-method> <!-- setup -->
        <test-method signature="TC_001_Ipo_click()[pri:0, instance:TestCases.IpoTest@22e357dc]" started-at="2022-05-15T19:02:57 IST" name="TC_001_Ipo_click" finished-at="2022-05-15T19:02:59 IST" duration-ms="1961" status="PASS">
          <reporter-output>
            <line>
              <![CDATA[ipo clickSuccesfull]]>
            </line>
          </reporter-output>
        </test-method> <!-- TC_001_Ipo_click -->
        <test-method is-config="true" signature="close(org.testng.ITestResult)[pri:0, instance:TestCases.IpoTest@22e357dc]" started-at="2022-05-15T19:02:59 IST" name="close" finished-at="2022-05-15T19:03:06 IST" duration-ms="6656" status="PASS">
          <params>
            <param index="0">
              <value>
                <![CDATA[[TestResult name=TC_001_Ipo_click status=SUCCESS method=IpoTest.TC_001_Ipo_click()[pri:0, instance:TestCases.IpoTest@22e357dc] output=ipo clickSuccesfull]]]>
              </value>
            </param>
          </params>
          <reporter-output>
          </reporter-output>
        </test-method> <!-- close -->
      </class> <!-- TestCases.IpoTest -->
    </test> <!-- Default test -->
  </suite> <!-- Default suite -->
</testng-results>
